Server on port 3000
DB is connected
Server on port 3000
{ MongoNetworkError: connect ECONNREFUSED 127.0.0.1:27017
    at Socket.err (D:\Users\User\Desktop\Curso\Consulta-Lab\node_modules\mongodb-core\lib\connection\connect.js:287:16)
    at Object.onceWrapper (events.js:277:13)
    at Socket.emit (events.js:189:13)
    at emitErrorNT (internal/streams/destroy.js:82:8)
    at emitErrorAndCloseNT (internal/streams/destroy.js:50:3)
    at process._tickCallback (internal/process/next_tick.js:63:19)
  name: 'MongoNetworkError',
  errorLabels: [ 'TransientTransactionError' ],
  [Symbol(mongoErrorContextSymbol)]: {} }
Server on port 3000
DB is connected
Server on port 3000
DB is connected
Server on port 4000
DB is connected
Server on port 4000
{ MongoNetworkError: connect ECONNREFUSED 127.0.0.1:27017
    at Socket.err (D:\Users\User\Desktop\Curso\Consulta-Lab\node_modules\mongodb-core\lib\connection\connect.js:287:16)
    at Object.onceWrapper (events.js:277:13)
    at Socket.emit (events.js:189:13)
    at emitErrorNT (internal/streams/destroy.js:82:8)
    at emitErrorAndCloseNT (internal/streams/destroy.js:50:3)
    at process._tickCallback (internal/process/next_tick.js:63:19)
  name: 'MongoNetworkError',
  errorLabels: [ 'TransientTransactionError' ],
  [Symbol(mongoErrorContextSymbol)]: {} }
Server on port 4000
{ MongoNetworkError: connect ECONNREFUSED 127.0.0.1:27017
    at Socket.err (D:\Users\User\Desktop\Curso\Consulta-Lab\node_modules\mongodb-core\lib\connection\connect.js:287:16)
    at Object.onceWrapper (events.js:277:13)
    at Socket.emit (events.js:189:13)
    at emitErrorNT (internal/streams/destroy.js:82:8)
    at emitErrorAndCloseNT (internal/streams/destroy.js:50:3)
    at process._tickCallback (internal/process/next_tick.js:63:19)
  name: 'MongoNetworkError',
  errorLabels: [ 'TransientTransactionError' ],
  [Symbol(mongoErrorContextSymbol)]: {} }
Server on port 4000
DB is connected
Server on port 4000
{ MongoNetworkError: connect ECONNREFUSED 127.0.0.1:27017
    at Socket.err (D:\Users\User\Desktop\Curso\Consulta-Lab\node_modules\mongodb-core\lib\connection\connect.js:287:16)
    at Object.onceWrapper (events.js:277:13)
    at Socket.emit (events.js:189:13)
    at emitErrorNT (internal/streams/destroy.js:82:8)
    at emitErrorAndCloseNT (internal/streams/destroy.js:50:3)
    at process._tickCallback (internal/process/next_tick.js:63:19)
  name: 'MongoNetworkError',
  errorLabels: [ 'TransientTransactionError' ],
  [Symbol(mongoErrorContextSymbol)]: {} }
Server on port 4000
{ MongoNetworkError: connect ECONNREFUSED 127.0.0.1:27017
    at Socket.err (D:\Users\User\Desktop\Curso\Consulta-Lab\node_modules\mongodb-core\lib\connection\connect.js:287:16)
    at Object.onceWrapper (events.js:277:13)
    at Socket.emit (events.js:189:13)
    at emitErrorNT (internal/streams/destroy.js:82:8)
    at emitErrorAndCloseNT (internal/streams/destroy.js:50:3)
    at process._tickCallback (internal/process/next_tick.js:63:19)
  name: 'MongoNetworkError',
  errorLabels: [ 'TransientTransactionError' ],
  [Symbol(mongoErrorContextSymbol)]: {} }
Server on port 4000
DB is connected
Server on port 4000
DB is connected
Server on port 4000
DB is connected
